\BOOKMARK [0][-]{chapter.1}{\376\377\000B\000a\000s\000i\000c\000s\000\040\000O\000f\000\040\000M\000e\000a\000s\000u\000r\000e\000m\000e\000n\000t\000s}{}% 1
\BOOKMARK [1][-]{section.1.1}{\376\377\000A\000c\000c\000u\000r\000a\000c\000y}{chapter.1}% 2
\BOOKMARK [2][-]{subsection.1.1.1}{\376\377\000P\000e\000r\000c\000e\000n\000t\000a\000g\000e\000\040\000o\000f\000\040\000F\000u\000l\000l\000\040\000S\000c\000a\000l\000e\000\040\000R\000e\000a\000d\000i\000n\000g}{section.1.1}% 3
\BOOKMARK [2][-]{subsection.1.1.2}{\376\377\000P\000e\000r\000c\000e\000n\000t\000a\000g\000e\000\040\000o\000f\000\040\000T\000r\000u\000e\000\040\000V\000a\000l\000u\000e}{section.1.1}% 4
\BOOKMARK [2][-]{subsection.1.1.3}{\376\377\000P\000o\000i\000n\000t\000\040\000A\000c\000c\000u\000r\000a\000c\000y}{section.1.1}% 5
\BOOKMARK [2][-]{subsection.1.1.4}{\376\377\000P\000e\000r\000c\000e\000n\000t\000a\000g\000e\000\040\000o\000f\000\040\000S\000c\000a\000l\000e\000\040\000S\000p\000a\000n}{section.1.1}% 6
\BOOKMARK [1][-]{section.1.2}{\376\377\000T\000o\000l\000e\000r\000a\000n\000c\000e}{chapter.1}% 7
\BOOKMARK [1][-]{section.1.3}{\376\377\000P\000r\000e\000c\000i\000s\000i\000o\000n}{chapter.1}% 8
\BOOKMARK [1][-]{section.1.4}{\376\377\000R\000e\000l\000i\000a\000b\000i\000l\000i\000t\000y}{chapter.1}% 9
\BOOKMARK [1][-]{section.1.5}{\376\377\000R\000e\000p\000e\000a\000t\000a\000b\000i\000l\000i\000t\000y}{chapter.1}% 10
\BOOKMARK [1][-]{section.1.6}{\376\377\000R\000e\000s\000o\000l\000u\000t\000i\000o\000n}{chapter.1}% 11
\BOOKMARK [1][-]{section.1.7}{\376\377\000N\000o\000i\000s\000e}{chapter.1}% 12
\BOOKMARK [1][-]{section.1.8}{\376\377\000R\000a\000n\000g\000e}{chapter.1}% 13
\BOOKMARK [1][-]{section.1.9}{\376\377\000S\000t\000a\000t\000i\000c\000\040\000S\000e\000n\000s\000i\000t\000i\000v\000i\000t\000y}{chapter.1}% 14
\BOOKMARK [0][-]{chapter.2}{\376\377\000D\000i\000r\000e\000c\000t\000-\000C\000u\000r\000r\000e\000n\000t\000\040\000C\000i\000r\000c\000u\000i\000t\000s}{}% 15
\BOOKMARK [1][-]{section.2.1}{\376\377\000O\000h\000m\000'\000s\000\040\000L\000a\000w}{chapter.2}% 16
\BOOKMARK [2][-]{subsection.2.1.1}{\376\377\000S\000t\000a\000r\000-\000D\000e\000l\000t\000a\000\040\000T\000r\000a\000n\000s\000f\000o\000r\000m\000a\000t\000i\000o\000n\000s}{section.2.1}% 17
\BOOKMARK [1][-]{section.2.2}{\376\377\000K\000i\000r\000c\000h\000h\000o\000f\000f\000'\000s\000\040\000L\000a\000w\000s}{chapter.2}% 18
\BOOKMARK [2][-]{subsection.2.2.1}{\376\377\000K\000i\000r\000c\000h\000h\000o\000f\000f\000'\000s\000\040\000V\000o\000l\000t\000a\000g\000e\000\040\000L\000a\000w}{section.2.2}% 19
\BOOKMARK [2][-]{subsection.2.2.2}{\376\377\000K\000i\000r\000c\000h\000h\000o\000f\000f\000'\000s\000\040\000C\000u\000r\000r\000e\000n\000t\000\040\000L\000a\000w}{section.2.2}% 20
